<?xml version="1.0" encoding="UTF-8"?>
<!-- Generated by org.testng.reporters.JUnitXMLReporter -->
<testsuite hostname="KI0633-MacBook-Pro.local" ignored="0" name="Test" tests="47" failures="4" timestamp="2021-03-23T17:53:30 IST" time="659.241" errors="0">
  <testcase name="createUser" time="9.906" classname="platform.api.KnowledgeCollection"/>
  <testcase name="createAdminApp" time="6.877" classname="platform.api.KnowledgeCollection"/>
  <testcase name="genereateJWTtoken" time="1.652" classname="platform.api.KnowledgeCollection"/>
  <testcase name="cloningSmapleBot" time="12.337" classname="platform.api.KnowledgeCollection"/>
  <testcase name="clonedBotSetup" time="51.804" classname="platform.api.KnowledgeCollection"/>
  <testcase name="createbuilderAppnonAdmin" time="6.933" classname="platform.api.KnowledgeCollection"/>
  <testcase name="enableRTM" time="6.821" classname="platform.api.KnowledgeCollection"/>
  <testcase name="getRole" time="1.788" classname="platform.api.KnowledgeCollection"/>
  <testcase name="AddingDeveloperasOwner" time="7.781" classname="platform.api.KnowledgeCollection"/>
  <testcase name="ExtractFAQs" time="62.869" classname="platform.api.KnowledgeCollection"/>
  <testcase name="GetQsofExtract" time="2.146" classname="platform.api.KnowledgeCollection"/>
  <testcase name="GetKTofTaskofCollection" time="11.752" classname="platform.api.KnowledgeCollection"/>
  <testcase name="AddQstoCollection" time="11.598" classname="platform.api.KnowledgeCollection">
    <failure type="java.lang.AssertionError" message="expected [400] but found [200]">
      <![CDATA[java.lang.AssertionError: expected [400] but found [200]
at platform.api.KnowledgeCollection.AddQstoCollection(KnowledgeCollection.java:312)
at java.util.ArrayList.forEach(ArrayList.java:1259)
... Removed 33 stack frames]]>
    </failure>
  </testcase> <!-- AddQstoCollection -->
  <testcase name="publishbot" time="12.405" classname="platform.api.KnowledgeCollection"/>
  <testcase name="GetFAQsCollection" time="1.703" classname="platform.api.KnowledgeCollection"/>
  <testcase name="GetExtractsofCollection" time="1.864" classname="platform.api.KnowledgeCollection"/>
  <testcase name="genereateJWTtokenforNonAmdinApp" time="1.683" classname="platform.api.KnowledgeCollection"/>
  <testcase name="findIntent" time="1.591" classname="platform.api.KnowledgeCollection">
    <failure type="java.lang.AssertionError" message="expected [400] but found [200]">
      <![CDATA[java.lang.AssertionError: expected [400] but found [200]
at platform.api.KnowledgeCollection.findIntent(KnowledgeCollection.java:414)
at java.util.ArrayList.forEach(ArrayList.java:1259)
... Removed 33 stack frames]]>
    </failure>
  </testcase> <!-- findIntent -->
  <testcase name="createUser" time="6.814" classname="platform.api.SearchSkill"/>
  <testcase name="createAdminApp" time="7.631" classname="platform.api.SearchSkill"/>
  <testcase name="genereateJWTtoken" time="1.449" classname="platform.api.SearchSkill"/>
  <testcase name="cloningSmapleBot" time="12.463" classname="platform.api.SearchSkill"/>
  <testcase name="clonedBotSetup" time="51.806" classname="platform.api.SearchSkill"/>
  <testcase name="configuringENVvar" time="0.002" classname="platform.api.SearchSkill"/>
  <testcase name="createbuilderAppnonAdmin" time="16.082" classname="platform.api.SearchSkill"/>
  <testcase name="enableWebHook" time="6.84" classname="platform.api.SearchSkill"/>
  <testcase name="publishbot" time="12.554" classname="platform.api.SearchSkill"/>
  <testcase name="getRole" time="1.864" classname="platform.api.SearchSkill"/>
  <testcase name="AddingDeveloperasOwner" time="6.761" classname="platform.api.SearchSkill"/>
  <testcase name="genereateJWTtokenforNonAmdinApp" time="2.194" classname="platform.api.SearchSkill"/>
  <testcase name="triggerWebHook" time="7.489" classname="platform.api.SearchSkill">
    <failure type="java.lang.AssertionError" message="expected [401] but found [200]">
      <![CDATA[java.lang.AssertionError: expected [401] but found [200]
at platform.api.SearchSkill.triggerWebHook(SearchSkill.java:307)
at java.util.ArrayList.forEach(ArrayList.java:1259)
... Removed 33 stack frames]]>
    </failure>
  </testcase> <!-- triggerWebHook -->
  <testcase name="createUser" time="6.947" classname="platform.api.TenantOnboarding"/>
  <testcase name="createAdminApp" time="8.138" classname="platform.api.TenantOnboarding"/>
  <testcase name="genereateJWTtoken" time="1.427" classname="platform.api.TenantOnboarding"/>
  <testcase name="cloningSmapleBot" time="7.769" classname="platform.api.TenantOnboarding"/>
  <testcase name="clonedBotSetup" time="9.821" classname="platform.api.TenantOnboarding"/>
  <testcase name="createbuilderAppnforUB" time="7.222" classname="platform.api.TenantOnboarding"/>
  <testcase name="enableRTMforUBbuilderAPP" time="7.613" classname="platform.api.TenantOnboarding"/>
  <testcase name="genereateJWTtokenUB_BuilderApp" time="23.107" classname="platform.api.TenantOnboarding"/>
  <testcase name="uploadFile" time="160.833" classname="platform.api.TenantOnboarding"/>
  <testcase name="importBot" time="2.07" classname="platform.api.TenantOnboarding"/>
  <testcase name="importBotStatus" time="11.612" classname="platform.api.TenantOnboarding"/>
  <testcase name="createbuilderAppNONAdmin" time="8.115" classname="platform.api.TenantOnboarding"/>
  <testcase name="enableRTM" time="7.839" classname="platform.api.TenantOnboarding"/>
  <testcase name="genereateJWTtokenbuilderapp" time="1.81" classname="platform.api.TenantOnboarding"/>
  <testcase name="publishbotStandardBot" time="40.508" classname="platform.api.TenantOnboarding"/>
  <testcase name="linkChildBot" time="6.794" classname="platform.api.TenantOnboarding">
    <failure type="org.junit.ComparisonFailure" message="expected:&amp;lt;[2]00&amp;gt; but was:&amp;lt;[4]00&amp;gt;">
      <![CDATA[org.junit.ComparisonFailure: expected:<[2]00> but was:<[4]00>
at org.junit.Assert.assertEquals(Assert.java:125)
at org.junit.Assert.assertEquals(Assert.java:147)
at platform.api.TenantOnboarding.linkChildBot(TenantOnboarding.java:375)
at java.util.ArrayList.forEach(ArrayList.java:1259)
... Removed 27 stack frames]]>
    </failure>
  </testcase> <!-- linkChildBot -->
</testsuite> <!-- Test -->
